<?xml version="1.0" encoding="UTF-8"?>
<testng-results skipped="0" failed="0" ignored="0" total="1" passed="1">
  <reporter-output>
  </reporter-output>
  <suite name="Command line suite" duration-ms="16" started-at="2019-10-23T04:46:40Z" finished-at="2019-10-23T04:46:40Z">
    <groups>
    </groups>
    <test name="Command line test" duration-ms="16" started-at="2019-10-23T04:46:40Z" finished-at="2019-10-23T04:46:40Z">
      <class name="Qedge.AppTest">
        <test-method status="PASS" signature="testApp()[pri:0, instance:testApp(Qedge.AppTest)]" name="testApp" duration-ms="0" started-at="2019-10-23T04:46:40Z" finished-at="2019-10-23T04:46:40Z">
          <reporter-output>
          </reporter-output>
        </test-method> <!-- testApp -->
      </class> <!-- Qedge.AppTest -->
    </test> <!-- Command line test -->
  </suite> <!-- Command line suite -->
</testng-results>
