<?xml version="1.0" encoding="UTF-8"?>
<testng-results skipped="0" failed="0" ignored="0" total="1" passed="1">
  <reporter-output>
  </reporter-output>
  <suite name="Command line suite" duration-ms="22023" started-at="2019-10-23T04:46:18Z" finished-at="2019-10-23T04:46:40Z">
    <groups>
    </groups>
    <test name="Command line test" duration-ms="22023" started-at="2019-10-23T04:46:18Z" finished-at="2019-10-23T04:46:40Z">
      <class name="DriverFactory.AppTest">
        <test-method status="PASS" signature="ERP_Start()[pri:0, instance:DriverFactory.AppTest@3dd3bcd]" name="ERP_Start" duration-ms="21976" started-at="2019-10-23T04:46:18Z" finished-at="2019-10-23T04:46:40Z">
          <reporter-output>
          </reporter-output>
        </test-method> <!-- ERP_Start -->
      </class> <!-- DriverFactory.AppTest -->
    </test> <!-- Command line test -->
  </suite> <!-- Command line suite -->
</testng-results>
